0 info it worked if it ends with ok
1 verbose cli [ '/usr/local/bin/node', '/usr/local/bin/npm', 'start' ]
2 info using npm@4.0.5
3 info using node@v6.9.4
4 verbose run-script [ 'prestart', 'start', 'poststart' ]
5 info lifecycle P-Brain.ai@0.5.3~prestart: P-Brain.ai@0.5.3
6 silly lifecycle P-Brain.ai@0.5.3~prestart: no script for prestart, continuing
7 info lifecycle P-Brain.ai@0.5.3~start: P-Brain.ai@0.5.3
8 verbose lifecycle P-Brain.ai@0.5.3~start: unsafe-perm in lifecycle true
9 verbose lifecycle P-Brain.ai@0.5.3~start: PATH: /usr/local/lib/node_modules/npm/bin/node-gyp-bin:/Users/patrickquinn/P-Brain.ai/node_modules/.bin:/usr/local/heroku/bin:/opt/local/bin:/opt/local/sbin:/opt/local/bin:/opt/local/sbin:/usr/local/bin:/usr/bin:/bin:/usr/sbin:/sbin:/opt/X11/bin:/Applications/Marmalade.app/Contents/s3e/bin
10 verbose lifecycle P-Brain.ai@0.5.3~start: CWD: /Users/patrickquinn/P-Brain.ai
11 silly lifecycle P-Brain.ai@0.5.3~start: Args: [ '-c', 'node server.js' ]
12 silly lifecycle P-Brain.ai@0.5.3~start: Returned: code: 1  signal: null
13 info lifecycle P-Brain.ai@0.5.3~start: Failed to exec start script
14 verbose stack Error: P-Brain.ai@0.5.3 start: `node server.js`
14 verbose stack Exit status 1
14 verbose stack     at EventEmitter.<anonymous> (/usr/local/lib/node_modules/npm/lib/utils/lifecycle.js:279:16)
14 verbose stack     at emitTwo (events.js:106:13)
14 verbose stack     at EventEmitter.emit (events.js:191:7)
14 verbose stack     at ChildProcess.<anonymous> (/usr/local/lib/node_modules/npm/lib/utils/spawn.js:40:14)
14 verbose stack     at emitTwo (events.js:106:13)
14 verbose stack     at ChildProcess.emit (events.js:191:7)
14 verbose stack     at maybeClose (internal/child_process.js:877:16)
14 verbose stack     at Process.ChildProcess._handle.onexit (internal/child_process.js:226:5)
15 verbose pkgid P-Brain.ai@0.5.3
16 verbose cwd /Users/patrickquinn/P-Brain.ai
17 error Darwin 16.7.0
18 error argv "/usr/local/bin/node" "/usr/local/bin/npm" "start"
19 error node v6.9.4
20 error npm  v4.0.5
21 error code ELIFECYCLE
22 error P-Brain.ai@0.5.3 start: `node server.js`
22 error Exit status 1
23 error Failed at the P-Brain.ai@0.5.3 start script 'node server.js'.
23 error Make sure you have the latest version of node.js and npm installed.
23 error If you do, this is most likely a problem with the P-Brain.ai package,
23 error not with npm itself.
23 error Tell the author that this fails on your system:
23 error     node server.js
23 error You can get information on how to open an issue for this project with:
23 error     npm bugs P-Brain.ai
23 error Or if that isn't available, you can get their info via:
23 error     npm owner ls P-Brain.ai
23 error There is likely additional logging output above.
24 verbose exit [ 1, true ]
